<?xml version="1.0" encoding="UTF-8"?>
<!-- Generated by org.testng.reporters.JUnitReportReporter -->
<testsuite hostname="LAPTOP-UV4E4JKC" failures="0" tests="11" name="runner.TestRunner" time="273.397" errors="2" timestamp="16 Sep 2024 02:13:34 GMT" skipped="0">
  <testcase classname="runner.TestRunner" name="runScenario" time="21.146"/>
  <testcase classname="runner.TestRunner" name="runScenario" time="22.945"/>
  <testcase classname="runner.TestRunner" name="runScenario" time="25.811"/>
  <testcase classname="runner.TestRunner" name="runScenario" time="31.824">
    <error message="Expected condition failed: waiting for element to be clickable: By.linkText: পাসওয়ার্ড ভুলে গেছেন? (tried for 10 second(s) with 500 milliseconds interval)
Build info: version: &#039;4.18.1&#039;, revision: &#039;b1d3319b48&#039;
System info: os.name: &#039;Windows 11&#039;, os.arch: &#039;amd64&#039;, os.version: &#039;10.0&#039;, java.version: &#039;17.0.5&#039;
Driver info: org.openqa.selenium.firefox.FirefoxDriver
Capabilities {acceptInsecureCerts: true, browserName: firefox, browserVersion: 130.0, moz:accessibilityChecks: false, moz:buildID: 20240829075237, moz:geckodriverVersion: 0.35.0, moz:headless: false, moz:platformVersion: 10.0, moz:processID: 10984, moz:profile: C:\Users\88018\AppData\Loca..., moz:shutdownTimeout: 60000, moz:webdriverClick: true, moz:windowless: false, pageLoadStrategy: normal, platformName: windows, proxy: Proxy(), setWindowRect: true, strictFileInteractability: false, timeouts: {implicit: 0, pageLoad: 300000, script: 30000}, unhandledPromptBehavior: dismiss and notify, userAgent: Mozilla/5.0 (Windows NT 10....}
Session ID: 949d0f3a-dffd-4a41-ab26-eb0df7163741" type="org.openqa.selenium.TimeoutException">
      <![CDATA[org.openqa.selenium.TimeoutException: Expected condition failed: waiting for element to be clickable: By.linkText: পাসওয়ার্ড ভুলে গেছেন? (tried for 10 second(s) with 500 milliseconds interval)
Build info: version: '4.18.1', revision: 'b1d3319b48'
System info: os.name: 'Windows 11', os.arch: 'amd64', os.version: '10.0', java.version: '17.0.5'
Driver info: org.openqa.selenium.firefox.FirefoxDriver
Capabilities {acceptInsecureCerts: true, browserName: firefox, browserVersion: 130.0, moz:accessibilityChecks: false, moz:buildID: 20240829075237, moz:geckodriverVersion: 0.35.0, moz:headless: false, moz:platformVersion: 10.0, moz:processID: 10984, moz:profile: C:\Users\88018\AppData\Loca..., moz:shutdownTimeout: 60000, moz:webdriverClick: true, moz:windowless: false, pageLoadStrategy: normal, platformName: windows, proxy: Proxy(), setWindowRect: true, strictFileInteractability: false, timeouts: {implicit: 0, pageLoad: 300000, script: 30000}, unhandledPromptBehavior: dismiss and notify, userAgent: Mozilla/5.0 (Windows NT 10....}
Session ID: 949d0f3a-dffd-4a41-ab26-eb0df7163741
at org.openqa.selenium.support.ui.WebDriverWait.timeoutException(WebDriverWait.java:84)
at org.openqa.selenium.support.ui.FluentWait.until(FluentWait.java:228)
at com.qa.ajkerpatrika.utils.ElementUtil.waitForElementToBeClickable(ElementUtil.java:313)
at com.qa.ajkerpatrika.pages.LoginPage.isForgotPswdLinkExist(LoginPage.java:38)
at com.qa.ajkerpatrika.stepdefs.LoginPageStepDef.forgot_password_link_should_be_there(LoginPageStepDef.java:66)
at ✽.forgot password link should be there(file:///E:/programs/eclipse/eclipse-workspace/DevOpsAssignmentQ2Web/src/test/resources/features/loginpage.feature:6)
]]>
    </error>
  </testcase> <!-- runScenario -->
  <testcase classname="runner.TestRunner" name="runScenario" time="23.267"/>
  <testcase classname="runner.TestRunner" name="runScenario" time="22.561"/>
  <testcase classname="runner.TestRunner" name="runScenario" time="25.706"/>
  <testcase classname="runner.TestRunner" name="runScenario" time="23.032"/>
  <testcase classname="runner.TestRunner" name="runScenario" time="23.766"/>
  <testcase classname="runner.TestRunner" name="runScenario" time="22.000"/>
  <testcase classname="runner.TestRunner" name="runScenario" time="31.339">
    <error message="Expected condition failed: waiting for element to be clickable: By.xpath: //div[contains(@class,&#039;google_login&#039;)]/a (tried for 10 second(s) with 500 milliseconds interval)
Build info: version: &#039;4.18.1&#039;, revision: &#039;b1d3319b48&#039;
System info: os.name: &#039;Windows 11&#039;, os.arch: &#039;amd64&#039;, os.version: &#039;10.0&#039;, java.version: &#039;17.0.5&#039;
Driver info: org.openqa.selenium.firefox.FirefoxDriver
Capabilities {acceptInsecureCerts: true, browserName: firefox, browserVersion: 130.0, moz:accessibilityChecks: false, moz:buildID: 20240829075237, moz:geckodriverVersion: 0.35.0, moz:headless: false, moz:platformVersion: 10.0, moz:processID: 24732, moz:profile: C:\Users\88018\AppData\Loca..., moz:shutdownTimeout: 60000, moz:webdriverClick: true, moz:windowless: false, pageLoadStrategy: normal, platformName: windows, proxy: Proxy(), setWindowRect: true, strictFileInteractability: false, timeouts: {implicit: 0, pageLoad: 300000, script: 30000}, unhandledPromptBehavior: dismiss and notify, userAgent: Mozilla/5.0 (Windows NT 10....}
Session ID: 335bf418-ec72-4cb8-9158-512247102e8f" type="org.openqa.selenium.TimeoutException">
      <![CDATA[org.openqa.selenium.TimeoutException: Expected condition failed: waiting for element to be clickable: By.xpath: //div[contains(@class,'google_login')]/a (tried for 10 second(s) with 500 milliseconds interval)
Build info: version: '4.18.1', revision: 'b1d3319b48'
System info: os.name: 'Windows 11', os.arch: 'amd64', os.version: '10.0', java.version: '17.0.5'
Driver info: org.openqa.selenium.firefox.FirefoxDriver
Capabilities {acceptInsecureCerts: true, browserName: firefox, browserVersion: 130.0, moz:accessibilityChecks: false, moz:buildID: 20240829075237, moz:geckodriverVersion: 0.35.0, moz:headless: false, moz:platformVersion: 10.0, moz:processID: 24732, moz:profile: C:\Users\88018\AppData\Loca..., moz:shutdownTimeout: 60000, moz:webdriverClick: true, moz:windowless: false, pageLoadStrategy: normal, platformName: windows, proxy: Proxy(), setWindowRect: true, strictFileInteractability: false, timeouts: {implicit: 0, pageLoad: 300000, script: 30000}, unhandledPromptBehavior: dismiss and notify, userAgent: Mozilla/5.0 (Windows NT 10....}
Session ID: 335bf418-ec72-4cb8-9158-512247102e8f
at org.openqa.selenium.support.ui.WebDriverWait.timeoutException(WebDriverWait.java:84)
at org.openqa.selenium.support.ui.FluentWait.until(FluentWait.java:228)
at com.qa.ajkerpatrika.utils.ElementUtil.waitForElementToBeClickable(ElementUtil.java:313)
at com.qa.ajkerpatrika.pages.LoginPage.doLogin(LoginPage.java:44)
at com.qa.ajkerpatrika.stepdefs.LoginPageStepDef.i_enter_email_and_password(LoginPageStepDef.java:77)
at ✽.I enter email and password(file:///E:/programs/eclipse/eclipse-workspace/DevOpsAssignmentQ2Web/src/test/resources/features/loginpage.feature:12)
]]>
    </error>
  </testcase> <!-- runScenario -->
</testsuite> <!-- runner.TestRunner -->
